<?xml version="1.0" encoding="UTF-8"?>
<!-- Generated by org.testng.reporters.JUnitXMLReporter -->
<testsuite ignored="3" hostname="LAPTOP-BCTBB8MA" failures="0" tests="1" name="APIAutomationFramwork2" time="4.628" errors="0" timestamp="2023-05-23T15:44:59 GMT-06:00">
  <testcase classname="org.api.Test.userTest" name="testPostUser" time="4.098"/>
  <testcase classname="org.api.Test.userTest" name="testGetUserByName" time="0.0">
    <ignored/>
  </testcase> <!-- testGetUserByName -->
  <testcase classname="org.api.Test.userTest" name="testUpdateUserName" time="0.0">
    <ignored/>
  </testcase> <!-- testUpdateUserName -->
  <testcase classname="org.api.Test.userTest" name="deleteUser" time="0.0">
    <ignored/>
  </testcase> <!-- deleteUser -->
</testsuite> <!-- APIAutomationFramwork2 -->
