<?xml version="1.0" encoding="UTF-8"?>
<!-- Generated by org.testng.reporters.JUnitXMLReporter -->
<testsuite ignored="0" hostname="LAPTOP-BCTBB8MA" failures="0" tests="4" name="APIAutomationFramwork2" time="3.768" errors="0" timestamp="2023-05-29T22:48:03 GMT-06:00">
  <testcase classname="org.api.Test.userTest" name="testPostUser" time="2.047"/>
  <testcase classname="org.api.Test.userTest" name="testGetUserByName" time="0.352"/>
  <testcase classname="org.api.Test.userTest" name="testUpdateUserName" time="0.632"/>
  <testcase classname="org.api.Test.userTest" name="deleteUser" time="0.297"/>
</testsuite> <!-- APIAutomationFramwork2 -->
