<?xml version="1.0" encoding="UTF-8"?>
<testng-results ignored="0" total="4" passed="4" failed="0" skipped="0">
  <reporter-output>
  </reporter-output>
  <suite started-at="2023-05-29T22:47:59 GMT-06:00" name="Default Suite" finished-at="2023-05-29T22:48:03 GMT-06:00" duration-ms="3768">
    <groups>
    </groups>
    <test started-at="2023-05-29T22:47:59 GMT-06:00" name="APIAutomationFramwork2" finished-at="2023-05-29T22:48:03 GMT-06:00" duration-ms="3768">
      <class name="org.api.Test.userTest">
        <test-method is-config="true" signature="setupData()[pri:0, instance:org.api.Test.userTest@6e4784bc]" started-at="2023-05-29T22:48:00 GMT-06:00" name="setupData" finished-at="2023-05-29T22:48:00 GMT-06:00" duration-ms="168" status="PASS">
          <reporter-output>
          </reporter-output>
        </test-method> <!-- setupData -->
        <test-method signature="testPostUser()[pri:1, instance:org.api.Test.userTest@6e4784bc]" started-at="2023-05-29T22:48:00 GMT-06:00" name="testPostUser" finished-at="2023-05-29T22:48:02 GMT-06:00" duration-ms="2047" status="PASS">
          <reporter-output>
          </reporter-output>
        </test-method> <!-- testPostUser -->
        <test-method signature="testGetUserByName()[pri:2, instance:org.api.Test.userTest@6e4784bc]" started-at="2023-05-29T22:48:02 GMT-06:00" name="testGetUserByName" finished-at="2023-05-29T22:48:02 GMT-06:00" duration-ms="352" status="PASS">
          <reporter-output>
          </reporter-output>
        </test-method> <!-- testGetUserByName -->
        <test-method signature="testUpdateUserName()[pri:3, instance:org.api.Test.userTest@6e4784bc]" started-at="2023-05-29T22:48:02 GMT-06:00" name="testUpdateUserName" finished-at="2023-05-29T22:48:03 GMT-06:00" duration-ms="632" status="PASS">
          <reporter-output>
          </reporter-output>
        </test-method> <!-- testUpdateUserName -->
        <test-method signature="deleteUser()[pri:4, instance:org.api.Test.userTest@6e4784bc]" started-at="2023-05-29T22:48:03 GMT-06:00" name="deleteUser" finished-at="2023-05-29T22:48:03 GMT-06:00" duration-ms="297" status="PASS">
          <reporter-output>
          </reporter-output>
        </test-method> <!-- deleteUser -->
      </class> <!-- org.api.Test.userTest -->
    </test> <!-- APIAutomationFramwork2 -->
  </suite> <!-- Default Suite -->
</testng-results>
