<?xml version="1.0" encoding="UTF-8"?>
<testng-results ignored="3" total="4" passed="1" failed="0" skipped="0">
  <reporter-output>
  </reporter-output>
  <suite started-at="2023-05-23T15:44:54 GMT-06:00" name="Default Suite" finished-at="2023-05-23T15:44:59 GMT-06:00" duration-ms="4628">
    <groups>
    </groups>
    <test started-at="2023-05-23T15:44:54 GMT-06:00" name="APIAutomationFramwork2" finished-at="2023-05-23T15:44:59 GMT-06:00" duration-ms="4628">
      <class name="org.api.Test.userTest">
        <test-method is-config="true" signature="setupData()[pri:0, instance:org.api.Test.userTest@140c9f39]" started-at="2023-05-23T15:44:54 GMT-06:00" name="setupData" finished-at="2023-05-23T15:44:55 GMT-06:00" duration-ms="457" status="PASS">
          <reporter-output>
          </reporter-output>
        </test-method> <!-- setupData -->
        <test-method signature="testPostUser()[pri:1, instance:org.api.Test.userTest@140c9f39]" started-at="2023-05-23T15:44:55 GMT-06:00" name="testPostUser" finished-at="2023-05-23T15:44:59 GMT-06:00" duration-ms="4098" status="PASS">
          <reporter-output>
          </reporter-output>
        </test-method> <!-- testPostUser -->
      </class> <!-- org.api.Test.userTest -->
    </test> <!-- APIAutomationFramwork2 -->
  </suite> <!-- Default Suite -->
</testng-results>
